#
# There is insufficient memory for the Java Runtime Environment to continue.
# Native memory allocation (malloc) failed to allocate 794096 bytes for Chunk::new
# Possible reasons:
#   The system is out of physical RAM or swap space
#   The process is running with CompressedOops enabled, and the Java Heap may be blocking the growth of the native heap
# Possible solutions:
#   Reduce memory load on the system
#   Increase physical memory or swap space
#   Check if swap backing store is full
#   Decrease Java heap size (-Xmx/-Xms)
#   Decrease number of Java threads
#   Decrease Java thread stack sizes (-Xss)
#   Set larger code cache with -XX:ReservedCodeCacheSize=
#   JVM is running with Unscaled Compressed Oops mode in which the Java heap is
#     placed in the first 4GB address space. The Java Heap base address is the
#     maximum limit for the native heap growth. Please use -XX:HeapBaseMinAddress
#     to set the Java Heap base and to place the Java Heap above 4GB virtual address.
# This output file may be truncated or incomplete.
#
#  Out of Memory Error (allocation.cpp:389), pid=5396, tid=0x0000000000002834
#
# JRE version: Java(TM) SE Runtime Environment (8.0_291-b10) (build 1.8.0_291-b10)
# Java VM: Java HotSpot(TM) 64-Bit Server VM (25.291-b10 mixed mode windows-amd64 compressed oops)
# Failed to write core dump. Minidumps are not enabled by default on client versions of Windows
#

---------------  T H R E A D  ---------------

Current thread (0x0000006b1ac2a000):  JavaThread "C2 CompilerThread1" daemon [_thread_in_native, id=10292, stack(0x0000006b1c440000,0x0000006b1c540000)]

Stack: [0x0000006b1c440000,0x0000006b1c540000]
Native frames: (J=compiled Java code, j=interpreted, Vv=VM code, C=native code)
V  [jvm.dll+0x32ea19]
V  [jvm.dll+0x275462]
V  [jvm.dll+0x27610d]
V  [jvm.dll+0x26cb45]
V  [jvm.dll+0xd524c]
V  [jvm.dll+0xd5a4c]
V  [jvm.dll+0x452872]
V  [jvm.dll+0x48dcdd]
V  [jvm.dll+0x442871]
V  [jvm.dll+0x43fae4]
V  [jvm.dll+0x42aa57]
V  [jvm.dll+0xabeeb]
V  [jvm.dll+0xaa54b]
V  [jvm.dll+0x23db02]
V  [jvm.dll+0x29210c]
C  [ucrtbase.DLL+0x1f4a0]
C  [KERNEL32.DLL+0x1412]
C  [ntdll.dll+0x154f4]


Current CompileTask:
C2:   1376 1407   !   4       java.net.URL::<init> (543 bytes)


---------------  P R O C E S S  ---------------

Java Threads: ( => current thread )
  0x0000006b1ac89800 JavaThread "Service Thread" daemon [_thread_blocked, id=8052, stack(0x0000006b1c640000,0x0000006b1c740000)]
  0x0000006b1ac2b000 JavaThread "C1 CompilerThread2" daemon [_thread_in_native, id=9200, stack(0x0000006b1c540000,0x0000006b1c640000)]
=>0x0000006b1ac2a000 JavaThread "C2 CompilerThread1" daemon [_thread_in_native, id=10292, stack(0x0000006b1c440000,0x0000006b1c540000)]
  0x0000006b1ac24800 JavaThread "C2 CompilerThread0" daemon [_thread_in_native, id=9224, stack(0x0000006b1c340000,0x0000006b1c440000)]
  0x0000006b1ac1f800 JavaThread "Attach Listener" daemon [_thread_blocked, id=5408, stack(0x0000006b1c240000,0x0000006b1c340000)]
  0x0000006b1ac1e000 JavaThread "Signal Dispatcher" daemon [_thread_blocked, id=8828, stack(0x0000006b1c140000,0x0000006b1c240000)]
  0x0000006b1abfc800 JavaThread "Finalizer" daemon [_thread_blocked, id=4696, stack(0x0000006b1bf20000,0x0000006b1c020000)]
  0x0000006b1abf5800 JavaThread "Reference Handler" daemon [_thread_blocked, id=10920, stack(0x0000006b1be20000,0x0000006b1bf20000)]
  0x0000006b045be800 JavaThread "main" [_thread_in_Java, id=10576, stack(0x0000006b05ec0000,0x0000006b05fc0000)]

Other Threads:
  0x0000006b1abcb000 VMThread [stack: 0x0000006b1bd20000,0x0000006b1be20000] [id=7364]
  0x0000006b1ace6000 WatcherThread [stack: 0x0000006b1c740000,0x0000006b1c840000] [id=2948]

VM state:not at safepoint (normal execution)

VM Mutex/Monitor currently owned by a thread: None

heap address: 0x0000000080c00000, size: 2036 MB, Compressed Oops mode: 32-bit
Narrow klass base: 0x0000000000000000, Narrow klass shift: 3
Compressed class space size: 1073741824 Address: 0x0000000100000000

Heap:
 PSYoungGen      total 38400K, used 32519K [0x00000000d5980000, 0x00000000d8400000, 0x0000000100000000)
  eden space 33280K, 82% used [0x00000000d5980000,0x00000000d7444440,0x00000000d7a00000)
  from space 5120K, 99% used [0x00000000d7f00000,0x00000000d83fdb40,0x00000000d8400000)
  to   space 5120K, 0% used [0x00000000d7a00000,0x00000000d7a00000,0x00000000d7f00000)
 ParOldGen       total 87552K, used 2048K [0x0000000080c00000, 0x0000000086180000, 0x00000000d5980000)
  object space 87552K, 2% used [0x0000000080c00000,0x0000000080e00160,0x0000000086180000)
 Metaspace       used 18723K, capacity 19532K, committed 19712K, reserved 1067008K
  class space    used 2356K, capacity 2532K, committed 2560K, reserved 1048576K

Card table byte_map: [0x0000006b153a0000,0x0000006b157a0000] byte_map_base: 0x0000006b14f9a000

Marking Bits: (ParMarkBitMap*) 0x000000005f677fe0
 Begin Bits: [0x0000006b15e50000, 0x0000006b17e20000)
 End Bits:   [0x0000006b17e20000, 0x0000006b19df0000)

Polling page: 0x0000006b04910000

CodeCache: size=245760Kb used=4744Kb max_used=4744Kb free=241015Kb
 bounds [0x0000006b05fe0000, 0x0000006b06490000, 0x0000006b14fe0000]
 total_blobs=1791 nmethods=1433 adapters=270
 compilation: enabled

Compilation events (10 events):
Event: 1.345 Thread 0x0000006b1ac2b000 nmethod 1416 0x0000006b06478bd0 code [0x0000006b06478d60, 0x0000006b06479110]
Event: 1.345 Thread 0x0000006b1ac2b000 1417       3       java.nio.Buffer::nextGetIndex (30 bytes)
Event: 1.345 Thread 0x0000006b1ac2b000 nmethod 1417 0x0000006b06478790 code [0x0000006b06478900, 0x0000006b06478b10]
Event: 1.345 Thread 0x0000006b1ac2b000 1419       3       java.lang.Class$MethodArray::<init> (38 bytes)
Event: 1.345 Thread 0x0000006b1ac2b000 nmethod 1419 0x0000006b0647b690 code [0x0000006b0647b800, 0x0000006b0647bb70]
Event: 1.346 Thread 0x0000006b1ac2b000 1420       3       org.springframework.core.annotation.PackagesAnnotationFilter::matches (42 bytes)
Event: 1.346 Thread 0x0000006b1ac2b000 nmethod 1420 0x0000006b0647bc90 code [0x0000006b0647be20, 0x0000006b0647c250]
Event: 1.346 Thread 0x0000006b1ac2b000 1421       3       java.util.EnumSet::noneOf (63 bytes)
Event: 1.347 Thread 0x0000006b1ac2b000 nmethod 1421 0x0000006b0647c410 code [0x0000006b0647c6a0, 0x0000006b0647d6f0]
Event: 1.347 Thread 0x0000006b1ac2b000 1423       3       sun.reflect.ClassFileAssembler::emitShort (24 bytes)

GC Heap History (4 events):
Event: 0.866 GC heap before
{Heap before GC invocations=1 (full 0):
 PSYoungGen      total 38400K, used 33280K [0x00000000d5980000, 0x00000000d8400000, 0x0000000100000000)
  eden space 33280K, 100% used [0x00000000d5980000,0x00000000d7a00000,0x00000000d7a00000)
  from space 5120K, 0% used [0x00000000d7f00000,0x00000000d7f00000,0x00000000d8400000)
  to   space 5120K, 0% used [0x00000000d7a00000,0x00000000d7a00000,0x00000000d7f00000)
 ParOldGen       total 87552K, used 0K [0x0000000080c00000, 0x0000000086180000, 0x00000000d5980000)
  object space 87552K, 0% used [0x0000000080c00000,0x0000000080c00000,0x0000000086180000)
 Metaspace       used 10071K, capacity 10400K, committed 10624K, reserved 1058816K
  class space    used 1206K, capacity 1304K, committed 1408K, reserved 1048576K
Event: 0.870 GC heap after
Heap after GC invocations=1 (full 0):
 PSYoungGen      total 38400K, used 5105K [0x00000000d5980000, 0x00000000d8400000, 0x0000000100000000)
  eden space 33280K, 0% used [0x00000000d5980000,0x00000000d5980000,0x00000000d7a00000)
  from space 5120K, 99% used [0x00000000d7a00000,0x00000000d7efc700,0x00000000d7f00000)
  to   space 5120K, 0% used [0x00000000d7f00000,0x00000000d7f00000,0x00000000d8400000)
 ParOldGen       total 87552K, used 68K [0x0000000080c00000, 0x0000000086180000, 0x00000000d5980000)
  object space 87552K, 0% used [0x0000000080c00000,0x0000000080c111a8,0x0000000086180000)
 Metaspace       used 10071K, capacity 10400K, committed 10624K, reserved 1058816K
  class space    used 1206K, capacity 1304K, committed 1408K, reserved 1048576K
}
Event: 1.187 GC heap before
{Heap before GC invocations=2 (full 0):
 PSYoungGen      total 38400K, used 38385K [0x00000000d5980000, 0x00000000d8400000, 0x0000000100000000)
  eden space 33280K, 100% used [0x00000000d5980000,0x00000000d7a00000,0x00000000d7a00000)
  from space 5120K, 99% used [0x00000000d7a00000,0x00000000d7efc700,0x00000000d7f00000)
  to   space 5120K, 0% used [0x00000000d7f00000,0x00000000d7f00000,0x00000000d8400000)
 ParOldGen       total 87552K, used 68K [0x0000000080c00000, 0x0000000086180000, 0x00000000d5980000)
  object space 87552K, 0% used [0x0000000080c00000,0x0000000080c111a8,0x0000000086180000)
 Metaspace       used 14976K, capacity 15698K, committed 15872K, reserved 1062912K
  class space    used 1845K, capacity 2013K, committed 2048K, reserved 1048576K
Event: 1.193 GC heap after
Heap after GC invocations=2 (full 0):
 PSYoungGen      total 38400K, used 5110K [0x00000000d5980000, 0x00000000d8400000, 0x0000000100000000)
  eden space 33280K, 0% used [0x00000000d5980000,0x00000000d5980000,0x00000000d7a00000)
  from space 5120K, 99% used [0x00000000d7f00000,0x00000000d83fdb40,0x00000000d8400000)
  to   space 5120K, 0% used [0x00000000d7a00000,0x00000000d7a00000,0x00000000d7f00000)
 ParOldGen       total 87552K, used 2048K [0x0000000080c00000, 0x0000000086180000, 0x00000000d5980000)
  object space 87552K, 2% used [0x0000000080c00000,0x0000000080e00160,0x0000000086180000)
 Metaspace       used 14976K, capacity 15698K, committed 15872K, reserved 1062912K
  class space    used 1845K, capacity 2013K, committed 2048K, reserved 1048576K
}

Deoptimization events (8 events):
Event: 0.697 Thread 0x0000006b045be800 Uncommon trap: reason=unstable_if action=reinterpret pc=0x0000006b0616b1e8 method=java.lang.String.indexOf([CII[CIII)I @ 3
Event: 0.725 Thread 0x0000006b045be800 Uncommon trap: reason=range_check action=make_not_entrant pc=0x0000006b0627b5a0 method=sun.reflect.generics.parser.SignatureParser.current()C @ 34
Event: 0.941 Thread 0x0000006b045be800 Uncommon trap: reason=unstable_if action=reinterpret pc=0x0000006b06291810 method=java.util.HashMap.getNode(ILjava/lang/Object;)Ljava/util/HashMap$Node; @ 129
Event: 1.129 Thread 0x0000006b045be800 Uncommon trap: reason=unstable_if action=reinterpret pc=0x0000006b062dcdd8 method=java.io.WinNTFileSystem.normalize(Ljava/lang/String;II)Ljava/lang/String; @ 90
Event: 1.156 Thread 0x0000006b045be800 Uncommon trap: reason=unstable_if action=reinterpret pc=0x0000006b06279878 method=java.util.HashMap.getNode(ILjava/lang/Object;)Ljava/util/HashMap$Node; @ 129
Event: 1.174 Thread 0x0000006b045be800 Uncommon trap: reason=class_check action=maybe_recompile pc=0x0000006b0641e160 method=java.util.HashMap.putVal(ILjava/lang/Object;Ljava/lang/Object;ZZ)Ljava/lang/Object; @ 203
Event: 1.194 Thread 0x0000006b1d3ce800 Uncommon trap: reason=unstable_if action=reinterpret pc=0x0000006b0642e36c method=java.util.concurrent.ConcurrentHashMap.putVal(Ljava/lang/Object;Ljava/lang/Object;Z)Ljava/lang/Object; @ 113
Event: 1.296 Thread 0x0000006b1d3ce800 Uncommon trap: reason=unstable_if action=reinterpret pc=0x0000006b063369e4 method=jdk.internal.org.objectweb.asm.Type.getArgumentsAndReturnSizes(Ljava/lang/String;)I @ 47

Classes redefined (0 events):
No events

Internal exceptions (10 events):
Event: 1.255 Thread 0x0000006b045be800 Exception <a 'java/lang/ClassNotFoundException': org/springframework/core/OrderedCustomizer> (0x00000000d670b7d0) thrown at [C:\jenkins\workspace\8-2-build-windows-amd64-cygwin\jdk8u291\1294\hotspot\src\share\vm\classfile\systemDictionary.cpp, line 212]
Event: 1.255 Thread 0x0000006b045be800 Exception <a 'java/lang/ClassNotFoundException': org/springframework/context/ResourceLoaderAwareCustomizer> (0x00000000d671e478) thrown at [C:\jenkins\workspace\8-2-build-windows-amd64-cygwin\jdk8u291\1294\hotspot\src\share\vm\classfile\systemDictionary.c
Event: 1.256 Thread 0x0000006b045be800 Exception <a 'java/lang/ClassNotFoundException': org/springframework/beans/factory/AwareCustomizer> (0x00000000d672f978) thrown at [C:\jenkins\workspace\8-2-build-windows-amd64-cygwin\jdk8u291\1294\hotspot\src\share\vm\classfile\systemDictionary.cpp, line
Event: 1.256 Thread 0x0000006b045be800 Exception <a 'java/lang/ClassNotFoundException': org/springframework/context/ApplicationStartupAwareCustomizer> (0x00000000d6742b20) thrown at [C:\jenkins\workspace\8-2-build-windows-amd64-cygwin\jdk8u291\1294\hotspot\src\share\vm\classfile\systemDictiona
Event: 1.256 Thread 0x0000006b045be800 Exception <a 'java/lang/ClassNotFoundException': org/springframework/beans/factory/AwareCustomizer> (0x00000000d67544a8) thrown at [C:\jenkins\workspace\8-2-build-windows-amd64-cygwin\jdk8u291\1294\hotspot\src\share\vm\classfile\systemDictionary.cpp, line
Event: 1.256 Thread 0x0000006b045be800 Exception <a 'java/lang/ClassNotFoundException': org/springframework/beans/factory/BeanClassLoaderAwareCustomizer> (0x00000000d6767f38) thrown at [C:\jenkins\workspace\8-2-build-windows-amd64-cygwin\jdk8u291\1294\hotspot\src\share\vm\classfile\systemDicti
Event: 1.257 Thread 0x0000006b045be800 Exception <a 'java/lang/ClassNotFoundException': org/springframework/beans/factory/AwareCustomizer> (0x00000000d67c2380) thrown at [C:\jenkins\workspace\8-2-build-windows-amd64-cygwin\jdk8u291\1294\hotspot\src\share\vm\classfile\systemDictionary.cpp, line
Event: 1.257 Thread 0x0000006b045be800 Exception <a 'java/lang/ClassNotFoundException': org/springframework/context/EnvironmentAwareCustomizer> (0x00000000d67d3958) thrown at [C:\jenkins\workspace\8-2-build-windows-amd64-cygwin\jdk8u291\1294\hotspot\src\share\vm\classfile\systemDictionary.cpp,
Event: 1.258 Thread 0x0000006b045be800 Exception <a 'java/lang/ClassNotFoundException': org/springframework/beans/factory/AwareCustomizer> (0x00000000d67e4d50) thrown at [C:\jenkins\workspace\8-2-build-windows-amd64-cygwin\jdk8u291\1294\hotspot\src\share\vm\classfile\systemDictionary.cpp, line
Event: 1.300 Thread 0x0000006b1d3ce800 Exception <a 'java/lang/IncompatibleClassChangeError': Found class java.lang.Object, but interface was expected> (0x00000000d70148b8) thrown at [C:\jenkins\workspace\8-2-build-windows-amd64-cygwin\jdk8u291\1294\hotspot\src\share\vm\interpreter\linkResolve

Events (10 events):
Event: 1.322 loading class org/springframework/core/type/classreading/SimpleAnnotationMetadata done
Event: 1.342 loading class org/springframework/context/annotation/ScannedGenericBeanDefinition
Event: 1.342 loading class org/springframework/context/annotation/ScannedGenericBeanDefinition done
Event: 1.343 loading class org/springframework/web/bind/annotation/RestController
Event: 1.343 loading class org/springframework/web/bind/annotation/RestController done
Event: 1.344 loading class org/springframework/stereotype/Controller
Event: 1.344 loading class org/springframework/stereotype/Controller done
Event: 1.345 loading class org/springframework/web/bind/annotation/ResponseBody
Event: 1.345 loading class org/springframework/web/bind/annotation/ResponseBody done
Event: 1.347 loading class org/springframework/core/type/classreading/SimpleMethodMetadataReadingVisitor$Source


Dynamic libraries:
0x00007ff619e70000 - 0x00007ff619eb7000 	C:\Program Files\Java\jdk1.8.0_291\bin\javaw.exe
0x00007fff436c0000 - 0x00007fff4386d000 	C:\Windows\SYSTEM32\ntdll.dll
0x00007fff42290000 - 0x00007fff423cf000 	C:\Windows\system32\KERNEL32.DLL
0x00007fff40bd0000 - 0x00007fff40ce5000 	C:\Windows\system32\KERNELBASE.dll
0x00007fff3f3b0000 - 0x00007fff3f43e000 	C:\Windows\system32\apphelp.dll
0x00007fff22600000 - 0x00007fff22655000 	C:\Windows\AppPatch\AppPatch64\AcGenral.DLL
0x00007fff42920000 - 0x00007fff429ca000 	C:\Windows\system32\msvcrt.dll
0x00007fff409c0000 - 0x00007fff409ee000 	C:\Windows\system32\SspiCli.dll
0x00007fff42fa0000 - 0x00007fff42ff4000 	C:\Windows\system32\SHLWAPI.dll
0x00007fff42ca0000 - 0x00007fff42e17000 	C:\Windows\system32\USER32.dll
0x00007fff42780000 - 0x00007fff42915000 	C:\Windows\system32\ole32.dll
0x00007fff40d60000 - 0x00007fff4228e000 	C:\Windows\system32\SHELL32.dll
0x00007fff3fdb0000 - 0x00007fff3fdd1000 	C:\Windows\SYSTEM32\USERENV.dll
0x00007fff42e20000 - 0x00007fff42eca000 	C:\Windows\system32\ADVAPI32.dll
0x00007fff2d690000 - 0x00007fff2d6ae000 	C:\Windows\SYSTEM32\MPR.dll
0x00007fff43000000 - 0x00007fff4313a000 	C:\Windows\system32\RPCRT4.dll
0x00007fff42ed0000 - 0x00007fff42f28000 	C:\Windows\SYSTEM32\sechost.dll
0x00007fff423d0000 - 0x00007fff425e1000 	C:\Windows\SYSTEM32\combase.dll
0x00007fff42b50000 - 0x00007fff42c9e000 	C:\Windows\system32\GDI32.dll
0x00007fff407e0000 - 0x00007fff407f5000 	C:\Windows\SYSTEM32\profapi.dll
0x00007fff3ede0000 - 0x00007fff3ee92000 	C:\Windows\SYSTEM32\SHCORE.dll
0x00007fff43140000 - 0x00007fff43176000 	C:\Windows\system32\IMM32.DLL
0x00007fff42600000 - 0x00007fff42751000 	C:\Windows\system32\MSCTF.dll
0x00007fff3e900000 - 0x00007fff3eb7b000 	C:\Windows\WinSxS\amd64_microsoft.windows.common-controls_6595b64144ccf1df_6.0.9600.19394_none_62486577ecb635cf\COMCTL32.dll
0x00007fff25c60000 - 0x00007fff25c75000 	C:\Program Files\Java\jdk1.8.0_291\jre\bin\vcruntime140.dll
0x00007fff2c8b0000 - 0x00007fff2c8b4000 	C:\Windows\SYSTEM32\api-ms-win-crt-runtime-l1-1-0.dll
0x00007fff2c8e0000 - 0x00007fff2c8e3000 	C:\Windows\SYSTEM32\api-ms-win-crt-heap-l1-1-0.dll
0x00007fff2c8f0000 - 0x00007fff2c8f4000 	C:\Windows\SYSTEM32\api-ms-win-crt-string-l1-1-0.dll
0x00007fff2c8d0000 - 0x00007fff2c8d4000 	C:\Windows\SYSTEM32\api-ms-win-crt-stdio-l1-1-0.dll
0x00007fff2c900000 - 0x00007fff2c904000 	C:\Windows\SYSTEM32\api-ms-win-crt-convert-l1-1-0.dll
0x00007fff2c740000 - 0x00007fff2c834000 	C:\Windows\SYSTEM32\ucrtbase.DLL
0x00007fff217a0000 - 0x00007fff2183b000 	C:\Program Files\Java\jdk1.8.0_291\jre\bin\msvcp140.dll
0x00007fff2c890000 - 0x00007fff2c893000 	C:\Windows\SYSTEM32\api-ms-win-crt-locale-l1-1-0.dll
0x00007fff2c8a0000 - 0x00007fff2c8a5000 	C:\Windows\SYSTEM32\api-ms-win-crt-math-l1-1-0.dll
0x00007fff2c840000 - 0x00007fff2c843000 	C:\Windows\SYSTEM32\api-ms-win-crt-filesystem-l1-1-0.dll
0x00007fff2c8c0000 - 0x00007fff2c8c3000 	C:\Windows\SYSTEM32\api-ms-win-crt-time-l1-1-0.dll
0x00007fff2c880000 - 0x00007fff2c883000 	C:\Windows\SYSTEM32\api-ms-win-crt-environment-l1-1-0.dll
0x00007fff2c850000 - 0x00007fff2c853000 	C:\Windows\SYSTEM32\api-ms-win-crt-utility-l1-1-0.dll
0x000000005ee90000 - 0x000000005f6f0000 	C:\Program Files\Java\jdk1.8.0_291\jre\bin\server\jvm.dll
0x00007fff25d30000 - 0x00007fff25d39000 	C:\Windows\SYSTEM32\WSOCK32.dll
0x00007fff3dbf0000 - 0x00007fff3dc12000 	C:\Windows\SYSTEM32\WINMM.dll
0x00007fff3dbe0000 - 0x00007fff3dbea000 	C:\Windows\SYSTEM32\VERSION.dll
0x00007fff425f0000 - 0x00007fff425f7000 	C:\Windows\system32\PSAPI.DLL
0x00007fff42a90000 - 0x00007fff42aea000 	C:\Windows\system32\WS2_32.dll
0x00007fff3daf0000 - 0x00007fff3db1a000 	C:\Windows\SYSTEM32\WINMMBASE.dll
0x00007fff42760000 - 0x00007fff42769000 	C:\Windows\system32\NSI.dll
0x00007fff40cf0000 - 0x00007fff40d3f000 	C:\Windows\SYSTEM32\cfgmgr32.dll
0x00007fff3f600000 - 0x00007fff3f628000 	C:\Windows\SYSTEM32\DEVOBJ.dll
0x00007fff25c50000 - 0x00007fff25c60000 	C:\Program Files\Java\jdk1.8.0_291\jre\bin\verify.dll
0x00007fff25a10000 - 0x00007fff25a3b000 	C:\Program Files\Java\jdk1.8.0_291\jre\bin\java.dll
0x00007fff259f0000 - 0x00007fff25a08000 	C:\Program Files\Java\jdk1.8.0_291\jre\bin\zip.dll
0x00007fff25b00000 - 0x00007fff25b0d000 	C:\Program Files\Java\jdk1.8.0_291\jre\bin\management.dll
0x00007fff25730000 - 0x00007fff2574c000 	C:\Program Files\Java\jdk1.8.0_291\jre\bin\net.dll
0x0000000063bc0000 - 0x0000000063bfb000 	C:\Program Files (x86)\F-Secure\FSPS\program\fslsp_x64.dll
0x0000000180000000 - 0x000000018005d000 	c:\program files (x86)\f-secure\scanner-interface\fsgkiapi_x64.dll
0x00007fff40080000 - 0x00007fff400d9000 	C:\Windows\system32\mswsock.dll
0x00007fff23da0000 - 0x00007fff23db5000 	C:\Windows\system32\napinsp.dll
0x00007fff23dc0000 - 0x00007fff23dda000 	C:\Windows\system32\pnrpnsp.dll
0x00007fff3cdc0000 - 0x00007fff3cddb000 	C:\Windows\system32\NLAapi.dll
0x00007fff3fe20000 - 0x00007fff3fec4000 	C:\Windows\SYSTEM32\DNSAPI.dll
0x00007fff23e00000 - 0x00007fff23e0d000 	C:\Windows\System32\winrnr.dll
0x00000000637c0000 - 0x00000000637e6000 	C:\Program Files\Bonjour\mdnsNSP.dll
0x00007fff3a7a0000 - 0x00007fff3a7ca000 	C:\Windows\SYSTEM32\Iphlpapi.DLL
0x00007fff3b030000 - 0x00007fff3b03a000 	C:\Windows\SYSTEM32\WINNSI.DLL
0x00007fff251b0000 - 0x00007fff251ba000 	C:\Windows\System32\rasadhlp.dll
0x00007fff399f0000 - 0x00007fff39a5b000 	C:\Windows\System32\fwpuclnt.dll
0x00007fff22db0000 - 0x00007fff22dc3000 	C:\Program Files\Java\jdk1.8.0_291\jre\bin\nio.dll
0x00007fff3cc30000 - 0x00007fff3cdb9000 	C:\Windows\SYSTEM32\dbghelp.dll

VM Arguments:
jvm_args: -Dfile.encoding=UTF-8 
java_command: com.workshopbuilder.workshop.WorkshopBuilderApplication
java_class_path (initial): G:\projects\workshop\target\classes;C:\Users\Christos\.m2\repository\org\springframework\boot\spring-boot-starter-data-jdbc\2.5.4\spring-boot-starter-data-jdbc-2.5.4.jar;C:\Users\Christos\.m2\repository\org\springframework\boot\spring-boot-starter-jdbc\2.5.4\spring-boot-starter-jdbc-2.5.4.jar;C:\Users\Christos\.m2\repository\com\zaxxer\HikariCP\4.0.3\HikariCP-4.0.3.jar;C:\Users\Christos\.m2\repository\org\springframework\spring-jdbc\5.3.9\spring-jdbc-5.3.9.jar;C:\Users\Christos\.m2\repository\org\springframework\data\spring-data-jdbc\2.2.4\spring-data-jdbc-2.2.4.jar;C:\Users\Christos\.m2\repository\org\springframework\data\spring-data-relational\2.2.4\spring-data-relational-2.2.4.jar;C:\Users\Christos\.m2\repository\org\springframework\data\spring-data-commons\2.5.4\spring-data-commons-2.5.4.jar;C:\Users\Christos\.m2\repository\org\springframework\spring-tx\5.3.9\spring-tx-5.3.9.jar;C:\Users\Christos\.m2\repository\org\springframework\spring-context\5.3.9\spring-context-5.3.9.jar;C:\Users\Christos\.m2\repository\org\springframework\spring-beans\5.3.9\spring-beans-5.3.9.jar;C:\Users\Christos\.m2\repository\org\slf4j\slf4j-api\1.7.32\slf4j-api-1.7.32.jar;C:\Users\Christos\.m2\repository\org\springframework\boot\spring-boot-starter-data-jpa\2.5.4\spring-boot-starter-data-jpa-2.5.4.jar;C:\Users\Christos\.m2\repository\org\springframework\boot\spring-boot-starter-aop\2.5.4\spring-boot-starter-aop-2.5.4.jar;C:\Users\Christos\.m2\repository\org\springframework\spring-aop\5.3.9\spring-aop-5.3.9.jar;C:\Users\Christos\.m2\repository\org\aspectj\aspectjweaver\1.9.7\aspectjweaver-1.9.7.jar;C:\Users\Christos\.m2\repository\jakarta\transaction\jakarta.transaction-api\1.3.3\jakarta.transaction-api-1.3.3.jar;C:\Users\Christos\.m2\repository\jakarta\persistence\jakarta.persistence-api\2.2.3\jakarta.persistence-api-2.2.3.jar;C:\Users\Christos\.m2\repository\org\hibernate\hibernate-core\5.4.32.Final\hibernate-core-5.4.32.Final.jar;C:\Users\Christos\.m2\rep
Launcher Type: SUN_STANDARD

Environment Variables:
JAVA_HOME=C:\Program Files\Java\jdk1.8.0_291
CLASSPATH=G:\Coding\Lingo\Lingo16.jar
PATH=G:/Coding/eclipse//plugins/org.eclipse.justj.openjdk.hotspot.jre.full.win32.x86_64_16.0.1.v20210528-1205/jre/bin/server;G:/Coding/eclipse//plugins/org.eclipse.justj.openjdk.hotspot.jre.full.win32.x86_64_16.0.1.v20210528-1205/jre/bin;C:\Program Files\Java\jdk1.8.0_291\bin;C:\Users\Christos\Desktop\WINDOWS.X64_193000_db_home\bin;C:\Program Files\Common Files\Oracle\Java\javapath;C:\Program Files (x86)\Common Files\Oracle\Java\javapath;C:\Python39\Scripts\;C:\Python39\;C:\Program Files (x86)\NVIDIA Corporation\PhysX\Common;C:\ProgramData\Oracle\Java\javapath;G:\Coding\EasyPHP-DevServer-14.1VC9\binaries\php\php_runningversion;C:\Windows\system32;C:\Windows;C:\Windows\System32\Wbem;C:\Windows\System32\WindowsPowerShell\v1.0\;G:\Coding\command;G:\Coding\Lingo\;C:\Program Files\Microsoft\Web Platform Installer\;C:\Program Files (x86)\Microsoft ASP.NET\ASP.NET Web Pages\v1.0\;C:\Program Files\Microsoft SQL Server\110\Tools\Binn\;C:\Program Files\Microsoft SQL Server\120\Tools\Binn\;C:\Program Files\Microsoft SQL Server\Client SDK\ODBC\110\Tools\Binn\;C:\Program Files (x86)\Microsoft SQL Server\120\Tools\Binn\;C:\Program Files\Microsoft SQL Server\120\DTS\Binn\;C:\Program Files (x86)\Windows Kits\8.1\Windows Performance Toolkit\;G:\Coding\brackets\command;G:\Coding\nodejs\;C:\ProgramData\chocolatey\bin;G:\Coding\Git\cmd;C:\Users\Christos\Desktop\apache-maven-3.8.2\bin;;G:\Coding\Microsoft VS Code\bin;C:\Program Files\Salesforce CLI\bin;C:\Users\Christos\AppData\Roaming\npm;C:\Users\Christos\Desktop\apache-maven-3.8.1-bin\apache-maven-3.8.1\bin;C:\Program Files\Java\jdk1.8.0_291\jre\bin;G:\Coding\eclipse;
USERNAME=Christos
OS=Windows_NT
PROCESSOR_IDENTIFIER=Intel64 Family 6 Model 94 Stepping 3, GenuineIntel



---------------  S Y S T E M  ---------------

OS: Windows 8.1 , 64 bit Build 9600 (6.3.9600.20062)

CPU:total 4 (initial active 4) (4 cores per cpu, 1 threads per core) family 6 model 94 stepping 3, cmov, cx8, fxsr, mmx, sse, sse2, sse3, ssse3, sse4.1, sse4.2, popcnt, avx, avx2, aes, clmul, erms, rtm, 3dnowpref, lzcnt, tsc, tscinvbit, bmi1, bmi2, adx

Memory: 4k page, physical 8338940k(1001548k free), swap 11484668k(5104k free)

vm_info: Java HotSpot(TM) 64-Bit Server VM (25.291-b10) for windows-amd64 JRE (1.8.0_291-b10), built on Apr  9 2021 00:02:00 by "java_re" with MS VC++ 15.9 (VS2017)

time: Tue Aug 24 18:07:45 2021
timezone: Eanei? ?na GTB
elapsed time: 1.379411 seconds (0d 0h 0m 1s)

